<?xml version="1.0" encoding="UTF-8"?>
<!-- Generated by org.testng.reporters.JUnitXMLReporter -->
<testsuite ignored="0" hostname="MDALLAL" failures="0" tests="11" name="SweetShop Tests" time="47.839" errors="0" timestamp="2025-06-21T00:24:35 GMT+03:00">
  <testcase classname="tests.FullFlowTest" name="step1_addAllItems" time="8.265"/>
  <testcase classname="tests.FullFlowTest" name="step2_openBasket" time="2.526"/>
  <testcase classname="tests.FullFlowTest" name="step3_insertDummyCustomer" time="0.031"/>
  <testcase classname="tests.FullFlowTest" name="step4_fetchCustomerFromDB" time="0.028"/>
  <testcase classname="tests.FullFlowTest" name="step5_fillCustomerInfo" time="3.278"/>
  <testcase classname="tests.FullFlowTest" name="step6_fillPayment" time="2.803"/>
  <testcase classname="tests.FullFlowTest" name="step7_emptyBasket" time="1.27"/>
  <testcase classname="tests.FullFlowTest" name="step8_addFruitOnlyItems" time="11.194"/>
  <testcase classname="tests.FullFlowTest" name="step9_removeItemById" time="3.623"/>
  <testcase classname="tests.FullFlowTest" name="step10_invalidCheckoutValidation" time="2.176"/>
  <testcase classname="tests.FullFlowTest" name="step11_loginMismatchBug" time="5.109"/>
</testsuite> <!-- SweetShop Tests -->
